#-----------------------------------------------------------
# Webtalk v2018.3 (64-bit)
# SW Build 2405991 on Thu Dec  6 23:38:27 MST 2018
# 
# Start of session at: Tue Aug 17 20:06:59 2021
# Process ID: 17160
# Current directory: F:/zynq_sdk/pj1_uart/uart/uart.sdk/webtalk
# Command line: wbtcv.exe -mode batch -source sdk_webtalk.tcl
# Log file: F:/zynq_sdk/pj1_uart/uart/uart.sdk/webtalk/webtalk.log
# Journal file: F:/zynq_sdk/pj1_uart/uart/uart.sdk/webtalk\webtalk.jou
#-----------------------------------------------------------
source sdk_webtalk.tcl
# webtalk_init -webtalk_dir F:\\zynq_sdk\\pj1_uart\\uart\\uart.sdk\\webtalk
# webtalk_register_client -client project
# webtalk_add_data -client project -key date_generated -value "2021-08-17 20:06:54" -context "software_version_and_target_device"
# webtalk_add_data -client project -key product_version -value "SDK v2018.3" -context "software_version_and_target_device"
# webtalk_add_data -client project -key build_version -value "2018.3" -context "software_version_and_target_device"
# webtalk_add_data -client project -key os_platform -value "amd64" -context "software_version_and_target_device"
# webtalk_add_data -client project -key registration_id -value "" -context "software_version_and_target_device"
# webtalk_add_data -client project -key tool_flow -value "SDK" -context "software_version_and_target_device"
# webtalk_add_data -client project -key beta -value "false" -context "software_version_and_target_device"
# webtalk_add_data -client project -key route_design -value "NA" -context "software_version_and_target_device"
# webtalk_add_data -client project -key target_family -value "NA" -context "software_version_and_target_device"
# webtalk_add_data -client project -key target_device -value "NA" -context "software_version_and_target_device"
# webtalk_add_data -client project -key target_package -value "NA" -context "software_version_and_target_device"
# webtalk_add_data -client project -key target_speed -value "NA" -context "software_version_and_target_device"
# webtalk_add_data -client project -key random_id -value "3t8cad3g6ka0drgtfms7vva7lp" -context "software_version_and_target_device"
# webtalk_add_data -client project -key project_id -value "2018.3_1" -context "software_version_and_target_device"
# webtalk_add_data -client project -key project_iteration -value "1" -context "software_version_and_target_device"
# webtalk_add_data -client project -key os_name -value "Microsoft Windows 8 or later , 64-bit" -context "user_environment"
# webtalk_add_data -client project -key os_release -value "major release  (build 9200)" -context "user_environment"
# webtalk_add_data -client project -key cpu_name -value "Intel(R) Core(TM) i3-6006U CPU @ 2.00GHz" -context "user_environment"
# webtalk_add_data -client project -key cpu_speed -value "1992 MHz" -context "user_environment"
# webtalk_add_data -client project -key total_processors -value "1" -context "user_environment"
# webtalk_add_data -client project -key system_ram -value "12.709 GB" -context "user_environment"
# webtalk_register_client -client sdk
# webtalk_add_data -client sdk -key uid -value "1629200628895" -context "sdk\\\\hardware/1629200628895"
# webtalk_add_data -client sdk -key isZynq -value "true" -context "sdk\\\\hardware/1629200628895"
# webtalk_add_data -client sdk -key isZynqMP -value "false" -context "sdk\\\\hardware/1629200628895"
# webtalk_add_data -client sdk -key Processors -value "2" -context "sdk\\\\hardware/1629200628895"
# webtalk_add_data -client sdk -key VivadoVersion -value "2017.4" -context "sdk\\\\hardware/1629200628895"
# webtalk_add_data -client sdk -key Arch -value "zynq" -context "sdk\\\\hardware/1629200628895"
# webtalk_add_data -client sdk -key Device -value "7z010" -context "sdk\\\\hardware/1629200628895"
# webtalk_add_data -client sdk -key IsHandoff -value "true" -context "sdk\\\\hardware/1629200628895"
# webtalk_add_data -client sdk -key os -value "NA" -context "sdk\\\\hardware/1629200628895"
# webtalk_add_data -client sdk -key apptemplate -value "NA" -context "sdk\\\\hardware/1629200628895"
# webtalk_add_data -client sdk -key RecordType -value "HWCreation" -context "sdk\\\\hardware/1629200628895"
# webtalk_add_data -client sdk -key uid -value "1629200988449" -context "sdk\\\\bsp/1629200988449"
# webtalk_add_data -client sdk -key hwid -value "1629200628895" -context "sdk\\\\bsp/1629200988449"
# webtalk_add_data -client sdk -key os -value "standalone" -context "sdk\\\\bsp/1629200988449"
# webtalk_add_data -client sdk -key apptemplate -value "hello_world" -context "sdk\\\\bsp/1629200988449"
# webtalk_add_data -client sdk -key RecordType -value "BSPCreation" -context "sdk\\\\bsp/1629200988449"
# webtalk_add_data -client sdk -key uid -value "1629201003319" -context "sdk\\\\application/1629201003319"
# webtalk_add_data -client sdk -key hwid -value "1629200628895" -context "sdk\\\\application/1629201003319"
# webtalk_add_data -client sdk -key bspid -value "1629200988449" -context "sdk\\\\application/1629201003319"
# webtalk_add_data -client sdk -key newbsp -value "true" -context "sdk\\\\application/1629201003319"
# webtalk_add_data -client sdk -key os -value "standalone" -context "sdk\\\\application/1629201003319"
# webtalk_add_data -client sdk -key apptemplate -value "hello_world" -context "sdk\\\\application/1629201003319"
# webtalk_add_data -client sdk -key RecordType -value "APPCreation" -context "sdk\\\\application/1629201003319"
# webtalk_add_data -client sdk -key LangUsed -value "C" -context "sdk\\\\application/1629201003319"
# webtalk_add_data -client sdk -key Procused -value "ps7_cortexa9" -context "sdk\\\\application/1629201003319"
# webtalk_add_data -client sdk -key projSize -value "183.26953125" -context "sdk\\\\application/1629201003319"
# webtalk_add_data -client sdk -key uid -value "NA" -context "sdk\\\\bsp/1629202014497"
# webtalk_add_data -client sdk -key RecordType -value "ToolUsage" -context "sdk\\\\bsp/1629202014497"
# webtalk_add_data -client sdk -key BootgenCount -value "0" -context "sdk\\\\bsp/1629202014497"
# webtalk_add_data -client sdk -key DebugCount -value "0" -context "sdk\\\\bsp/1629202014497"
# webtalk_add_data -client sdk -key PerfCount -value "0" -context "sdk\\\\bsp/1629202014497"
# webtalk_add_data -client sdk -key FlashCount -value "0" -context "sdk\\\\bsp/1629202014497"
# webtalk_add_data -client sdk -key CrossTriggCount -value "0" -context "sdk\\\\bsp/1629202014497"
# webtalk_add_data -client sdk -key QemuDebugCount -value "0" -context "sdk\\\\bsp/1629202014497"
# webtalk_transmit -clientid 3312010444 -regid "" -xml F:\\zynq_sdk\\pj1_uart\\uart\\uart.sdk\\webtalk\\usage_statistics_ext_sdk.xml -html F:\\zynq_sdk\\pj1_uart\\uart\\uart.sdk\\webtalk\\usage_statistics_ext_sdk.html -wdm F:\\zynq_sdk\\pj1_uart\\uart\\uart.sdk\\webtalk\\sdk_webtalk.wdm -intro "<H3>SDK Usage Report</H3><BR>"
# webtalk_terminate
INFO: [Common 17-206] Exiting Webtalk at Tue Aug 17 20:07:10 2021...
