#-----------------------------------------------------------
# Vivado v2017.4 (64-bit)
# SW Build 2086221 on Fri Dec 15 20:55:39 MST 2017
# IP Build 2085800 on Fri Dec 15 22:25:07 MST 2017
# Start of session at: Tue Aug 17 16:29:08 2021
# Process ID: 13428
# Current directory: F:/zynq_sdk/pj1_uart/uart
# Command line: vivado.exe -gui_launcher_event rodinguilauncherevent16928 F:\zynq_sdk\pj1_uart\uart\uart.xpr
# Log file: F:/zynq_sdk/pj1_uart/uart/vivado.log
# Journal file: F:/zynq_sdk/pj1_uart/uart\vivado.jou
#-----------------------------------------------------------
start_gui
open_project F:/zynq_sdk/pj1_uart/uart/uart.xpr
Scanning sources...
Finished scanning sources
INFO: [IP_Flow 19-234] Refreshing IP repositories
INFO: [IP_Flow 19-1704] No user IP repositories specified
INFO: [IP_Flow 19-2313] Loaded Vivado IP repository 'D:/vivado/Vivado/2017.4/data/ip'.
open_project: Time (s): cpu = 00:00:22 ; elapsed = 00:00:12 . Memory (MB): peak = 804.121 ; gain = 126.820
update_compile_order -fileset sources_1
exit
INFO: [Common 17-206] Exiting Vivado at Tue Aug 17 16:36:21 2021...
